INFO:root:T = 0:
INFO:root:No car waiting in the queue from street rue-de-moscou. Proceeding.
INFO:root:Moving car 0 from rue-de-londres to rue-d-amsterdam
INFO:root:Moving car 1 from rue-d-athenes to rue-de-moscou
INFO:root:T = 1:
INFO:root:No car waiting in the queue from street rue-de-londres. Proceeding.
INFO:root:No car waiting in the queue from street rue-d-athenes. Proceeding.
INFO:root:T = 2:
INFO:root:No car waiting in the queue from street rue-de-londres. Proceeding.
INFO:root:Moving car 0 from rue-d-amsterdam to rue-de-moscou
INFO:root:T = 3:
INFO:root:Moving car 1 from rue-de-moscou to rue-de-londres
INFO:root:No car waiting in the queue from street rue-d-athenes. Proceeding.
INFO:root:T = 4:
INFO:root:Finished for car with ID '1' - 2 seconds before the end of the simulation. Updated score: 1002
INFO:root:No car waiting in the queue from street rue-d-athenes. Proceeding.
INFO:root:T = 5:
INFO:root:Moving car 0 from rue-de-moscou to rue-de-rome
INFO:root:No car waiting in the queue from street rue-de-londres. Proceeding.
INFO:root:No car waiting in the queue from street rue-d-amsterdam. Proceeding.
INFO:root:T = 6:
INFO:root:Finished simulation. - Final score: 1002
INFO:root:T = 6:
INFO:root:Finished simulation. - Final score: 1002
INFO:root:T = 6:
INFO:root:Finished simulation. - Final score: 1002
INFO:root:T = 6:
INFO:root:Finished simulation. - Final score: 1002
INFO:root:T = 6:
INFO:root:Finished simulation. - Final score: 1002
INFO:root:T = 6:
INFO:root:Finished simulation. - Final score: 1002
INFO:root:T = 6:
INFO:root:Finished simulation. - Final score: 1002
INFO:root:T = 0:
INFO:root:No car waiting in the queue from street rue-de-moscou. Proceeding.
INFO:root:Moving car 0 from rue-de-londres to rue-d-amsterdam
INFO:root:Moving car 1 from rue-d-athenes to rue-de-moscou
INFO:root:T = 1:
INFO:root:No car waiting in the queue from street rue-de-londres. Proceeding.
INFO:root:No car waiting in the queue from street rue-d-athenes. Proceeding.
INFO:root:T = 2:
INFO:root:No car waiting in the queue from street rue-de-londres. Proceeding.
INFO:root:Moving car 0 from rue-d-amsterdam to rue-de-moscou
INFO:root:T = 3:
INFO:root:Moving car 1 from rue-de-moscou to rue-de-londres
INFO:root:No car waiting in the queue from street rue-d-athenes. Proceeding.
INFO:root:T = 4:
INFO:root:Finished for car with ID '1' - 2 seconds before the end of the simulation. Updated score: 1002
INFO:root:No car waiting in the queue from street rue-d-athenes. Proceeding.
INFO:root:T = 5:
INFO:root:Moving car 0 from rue-de-moscou to rue-de-rome
INFO:root:No car waiting in the queue from street rue-de-londres. Proceeding.
INFO:root:No car waiting in the queue from street rue-d-amsterdam. Proceeding.
INFO:root:T = 6:
INFO:root:Finished simulation. - Final score: 1002
INFO:root:T = 6:
INFO:root:Finished simulation. - Final score: 1002
INFO:root:T = 6:
INFO:root:Finished simulation. - Final score: 1002
INFO:root:T = 6:
INFO:root:Finished simulation. - Final score: 1002
INFO:root:T = 6:
INFO:root:Finished simulation. - Final score: 1002
INFO:root:T = 6:
INFO:root:Finished simulation. - Final score: 1002
INFO:root:T = 6:
INFO:root:Finished simulation. - Final score: 1002
INFO:root:T = 6:
INFO:root:Finished simulation. - Final score: 1002
INFO:root:T = 6:
INFO:root:Finished simulation. - Final score: 1002
INFO:root:T = 6:
INFO:root:Finished simulation. - Final score: 1002
INFO:root:T = 6:
INFO:root:Finished simulation. - Final score: 1002
INFO:root:T = 6:
INFO:root:Finished simulation. - Final score: 1002
INFO:root:T = 6:
INFO:root:Finished simulation. - Final score: 1002
INFO:root:T = 6:
INFO:root:Finished simulation. - Final score: 1002
INFO:root:T = 6:
INFO:root:Finished simulation. - Final score: 1002
INFO:root:T = 6:
INFO:root:Finished simulation. - Final score: 1002
